Using pre-set license
Built from '2021.2/staging' branch; Version is '2021.2.19f1 (602ecdbb2fb0) revision 6303437'; Using compiler version '192829333'; Build Type 'Release'
OS: 'Windows 10  (10.0.19044) 64bit Professional' Language: 'en' Physical Memory: 16301 MB
BatchMode: 1, IsHumanControllingUs: 0, StartBugReporterOnCrash: 0, Is64bit: 1, IsPro: 1

COMMAND LINE ARGUMENTS:
C:\Program Files\Unity\Hub\Editor\2021.2.19f1\Editor\Unity.exe
-adb2
-batchMode
-noUpm
-name
AssetImportWorker2
-projectPath
C:/Users/mnarr/GP (5)
-logFile
Logs/AssetImportWorker2.log
-srvPort
53536
Successfully changed project path to: C:/Users/mnarr/GP (5)
C:/Users/mnarr/GP (5)
[UnityMemory] Configuration Parameters - Can be set up in boot.config
    "memorysetup-bucket-allocator-granularity=16"
    "memorysetup-bucket-allocator-bucket-count=8"
    "memorysetup-bucket-allocator-block-size=33554432"
    "memorysetup-bucket-allocator-block-count=8"
    "memorysetup-main-allocator-block-size=16777216"
    "memorysetup-thread-allocator-block-size=16777216"
    "memorysetup-gfx-main-allocator-block-size=16777216"
    "memorysetup-gfx-thread-allocator-block-size=16777216"
    "memorysetup-cache-allocator-block-size=4194304"
    "memorysetup-typetree-allocator-block-size=2097152"
    "memorysetup-profiler-bucket-allocator-granularity=16"
    "memorysetup-profiler-bucket-allocator-bucket-count=8"
    "memorysetup-profiler-bucket-allocator-block-size=33554432"
    "memorysetup-profiler-bucket-allocator-block-count=8"
    "memorysetup-profiler-allocator-block-size=16777216"
    "memorysetup-profiler-editor-allocator-block-size=1048576"
    "memorysetup-temp-allocator-size-main=16777216"
    "memorysetup-job-temp-allocator-block-size=2097152"
    "memorysetup-job-temp-allocator-block-size-background=1048576"
    "memorysetup-job-temp-allocator-reduction-small-platforms=262144"
    "memorysetup-temp-allocator-size-background-worker=32768"
    "memorysetup-temp-allocator-size-job-worker=262144"
    "memorysetup-temp-allocator-size-preload-manager=33554432"
    "memorysetup-temp-allocator-size-nav-mesh-worker=65536"
    "memorysetup-temp-allocator-size-audio-worker=65536"
    "memorysetup-temp-allocator-size-cloud-worker=32768"
    "memorysetup-temp-allocator-size-gi-baking-worker=262144"
    "memorysetup-temp-allocator-size-gfx=262144"
Refreshing native plugins compatible for Editor in 445.30 ms, found 7 plugins.
Preloading 2 native plugins for Editor in 2.39 ms.
Initialize engine version: 2021.2.19f1 (602ecdbb2fb0)
[Subsystems] Discovering subsystems at path C:/Program Files/Unity/Hub/Editor/2021.2.19f1/Editor/Data/Resources/UnitySubsystems
[Subsystems] Discovering subsystems at path C:/Users/mnarr/GP (5)/Assets
GfxDevice: creating device client; threaded=0; jobified=0
Direct3D:
    Version:  Direct3D 11.0 [level 11.1]
    Renderer: Intel(R) HD Graphics 520 (ID=0x1916)
    Vendor:   Intel
    VRAM:     8150 MB
    Driver:   24.20.100.6293
Initialize mono
Mono path[0] = 'C:/Program Files/Unity/Hub/Editor/2021.2.19f1/Editor/Data/Managed'
Mono path[1] = 'C:/Program Files/Unity/Hub/Editor/2021.2.19f1/Editor/Data/MonoBleedingEdge/lib/mono/unityjit-win32'
Mono config path = 'C:/Program Files/Unity/Hub/Editor/2021.2.19f1/Editor/Data/MonoBleedingEdge/etc'
Using monoOptions --debugger-agent=transport=dt_socket,embedding=1,server=y,suspend=n,address=127.0.0.1:56940
Begin MonoManager ReloadAssembly
Registering precompiled unity dll's ...
Register platform support module: C:/Program Files/Unity/Hub/Editor/2021.2.19f1/Editor/Data/PlaybackEngines/AndroidPlayer/UnityEditor.Android.Extensions.dll
Register platform support module: C:/Program Files/Unity/Hub/Editor/2021.2.19f1/Editor/Data/PlaybackEngines/WindowsStandaloneSupport/UnityEditor.WindowsStandalone.Extensions.dll
Registered in 0.014709 seconds.
Native extension for WindowsStandalone target not found
Native extension for Android target not found
Refreshing native plugins compatible for Editor in 342.63 ms, found 7 plugins.
Preloading 2 native plugins for Editor in 0.27 ms.
Mono: successfully reloaded assembly
- Completed reload, in  2.062 seconds
Domain Reload Profiling:
	ReloadAssembly (2064ms)
		BeginReloadAssembly (323ms)
			ExecutionOrderSort (0ms)
			DisableScriptedObjects (0ms)
			BackupInstance (0ms)
			ReleaseScriptingObjects (0ms)
			CreateAndSetChildDomain (2ms)
		EndReloadAssembly (1387ms)
			LoadAssemblies (321ms)
			RebuildTransferFunctionScriptingTraits (0ms)
			SetupTypeCache (299ms)
			ReleaseScriptCaches (0ms)
			RebuildScriptCaches (44ms)
			SetupLoadedEditorAssemblies (924ms)
				LogAssemblyErrors (0ms)
				InitializePlatformSupportModulesInManaged (143ms)
				SetLoadedEditorAssemblies (1ms)
				RefreshPlugins (343ms)
				BeforeProcessingInitializeOnLoad (9ms)
				ProcessInitializeOnLoadAttributes (293ms)
				ProcessInitializeOnLoadMethodAttributes (134ms)
				AfterProcessingInitializeOnLoad (0ms)
				EditorAssembliesLoaded (1ms)
			ExecutionOrderSort2 (0ms)
			AwakeInstancesAfterBackupRestoration (0ms)
Platform modules already initialized, skipping
Registering precompiled user dll's ...
Registered in 0.035572 seconds.
Begin MonoManager ReloadAssembly
An ADB process has shut down when we were accessing it, the following System.Threading.ThreadAbortException has been thrown: Thread was being aborted..
Symbol file LoadedFromMemory doesn't match image C:\Users\mnarr\GP (5)\Library\PackageCache\com.unity.visualscripting@1.7.6\Editor\VisualScripting.Core\Dependencies\DotNetZip\Unity.VisualScripting.IonicZip.dll
Symbol file LoadedFromMemory doesn't match image C:\Users\mnarr\GP (5)\Library\PackageCache\com.unity.visualscripting@1.7.6\Editor\VisualScripting.Core\Dependencies\YamlDotNet\Unity.VisualScripting.YamlDotNet.dll
Symbol file LoadedFromMemory is not a mono symbol file
Native extension for WindowsStandalone target not found
Native extension for Android target not found
Refreshing native plugins compatible for Editor in 368.93 ms, found 7 plugins.
Preloading 2 native plugins for Editor in 0.43 ms.
Package Manager log level set to [2]
[Package Manager] Server::Start -- Port 53754 was selected
[Package Manager] Cannot connect to Unity Package Manager local server
System.NullReferenceException: Object reference not set to an instance of an object
  at Vuforia.EditorClasses.ExtensionTypeProvider.GetVuforiaPackageAbsPath () [0x0004a] in <67f168408fbf4fce9c04342c093e9fe7>:0 
  at Vuforia.EditorClasses.ExtensionTypeProvider.IsPackageManager () [0x00000] in <67f168408fbf4fce9c04342c093e9fe7>:0 
  at Vuforia.EditorClasses.ExtensionTypeProvider.ResolvePluginType () [0x00009] in <67f168408fbf4fce9c04342c093e9fe7>:0 
  at Vuforia.EditorClasses.ExtensionTypeProvider.GetPluginType () [0x0000c] in <67f168408fbf4fce9c04342c093e9fe7>:0 
  at Vuforia.EditorClasses.VuforiaUtilities.IsVuforiaEnabledInPlayerSettings () [0x00000] in <67f168408fbf4fce9c04342c093e9fe7>:0 
  at VuforiaEnabledObserver..cctor () [0x00000] in <67f168408fbf4fce9c04342c093e9fe7>:0 
UnityEngine.StackTraceUtility:ExtractStackTrace ()
UnityEngine.DebugLogHandler:LogFormat (UnityEngine.LogType,UnityEngine.Object,string,object[])
UnityEngine.Logger:Log (UnityEngine.LogType,object)
UnityEngine.Debug:LogError (object)
UnityEditor.EditorAssemblies:ProcessInitializeOnLoadAttributes (System.Type[])

[Package Manager] Cannot connect to Unity Package Manager local server
System.NullReferenceException: Object reference not set to an instance of an object
  at Vuforia.EditorClasses.ExtensionTypeProvider.GetVuforiaPackageAbsPath () [0x0004a] in <67f168408fbf4fce9c04342c093e9fe7>:0 
  at Vuforia.EditorClasses.ExtensionTypeProvider.IsPackageManager () [0x00000] in <67f168408fbf4fce9c04342c093e9fe7>:0 
  at Vuforia.EditorClasses.ExtensionTypeProvider.ResolvePluginType () [0x00009] in <67f168408fbf4fce9c04342c093e9fe7>:0 
  at Vuforia.EditorClasses.ExtensionTypeProvider.GetPluginType () [0x0000c] in <67f168408fbf4fce9c04342c093e9fe7>:0 
  at Vuforia.EditorClasses.VuforiaUtilities.IsVuforiaEnabledInPlayerSettings () [0x00000] in <67f168408fbf4fce9c04342c093e9fe7>:0 
  at Vuforia.EditorClasses.InitializeOnLoadVuforiaTaskRunner..cctor () [0x00015] in <67f168408fbf4fce9c04342c093e9fe7>:0 
UnityEngine.StackTraceUtility:ExtractStackTrace ()
UnityEngine.DebugLogHandler:LogFormat (UnityEngine.LogType,UnityEngine.Object,string,object[])
UnityEngine.Logger:Log (UnityEngine.LogType,object)
UnityEngine.Debug:LogError (object)
UnityEditor.EditorAssemblies:ProcessInitializeOnLoadAttributes (System.Type[])

Mono: successfully reloaded assembly
- Completed reload, in  8.964 seconds
Domain Reload Profiling:
	ReloadAssembly (8966ms)
		BeginReloadAssembly (506ms)
			ExecutionOrderSort (0ms)
			DisableScriptedObjects (13ms)
			BackupInstance (0ms)
			ReleaseScriptingObjects (1ms)
			CreateAndSetChildDomain (172ms)
		EndReloadAssembly (8158ms)
			LoadAssemblies (326ms)
			RebuildTransferFunctionScriptingTraits (0ms)
			SetupTypeCache (928ms)
			ReleaseScriptCaches (1ms)
			RebuildScriptCaches (372ms)
			SetupLoadedEditorAssemblies (6416ms)
				LogAssemblyErrors (0ms)
				InitializePlatformSupportModulesInManaged (60ms)
				SetLoadedEditorAssemblies (1ms)
				RefreshPlugins (370ms)
				BeforeProcessingInitializeOnLoad (476ms)
				ProcessInitializeOnLoadAttributes (5373ms)
				ProcessInitializeOnLoadMethodAttributes (98ms)
				AfterProcessingInitializeOnLoad (36ms)
				EditorAssembliesLoaded (2ms)
			ExecutionOrderSort2 (0ms)
			AwakeInstancesAfterBackupRestoration (25ms)
Platform modules already initialized, skipping
========================================================================
Worker process is ready to serve import requests
Launched and connected shader compiler UnityShaderCompiler.exe after 0.23 seconds
Refreshing native plugins compatible for Editor in 4.34 ms, found 7 plugins.
Preloading 2 native plugins for Editor in 0.49 ms.
Unloading 4790 Unused Serialized files (Serialized files now loaded: 0)
Unloading 54 unused Assets / (85.7 KB). Loaded Objects now: 5534.
Memory consumption went from 253.9 MB to 253.8 MB.
Total: 15.216400 ms (FindLiveObjects: 1.000700 ms CreateObjectMapping: 1.094300 ms MarkObjects: 12.828900 ms  DeleteObjects: 0.289400 ms)

AssetImportParameters requested are different than current active one (requested -> active):
  custom:video-decoder-ogg-theora: a1e56fd34408186e4bbccfd4996cb3dc -> 
  custom:container-muxer-webm: aa71ff27fc2769a1b78a27578f13a17b -> 
  custom:container-demuxer-webm: 4f35f7cbe854078d1ac9338744f61a02 -> 
  custom:video-encoder-webm-vp8: eb34c28f22e8b96e1ab97ce403110664 -> 
  custom:audio-encoder-webm-vorbis: bf7c407c2cedff20999df2af8eb42d56 -> 
  custom:framework-win-MediaFoundation: 216162199b28c13a410421893ffa2e32 -> 
  custom:container-demuxer-ogg: 62fdf1f143b41e24485cea50d1cbac27 -> 
  custom:video-decoder-webm-vp8: 9c59270c3fd7afecdb556c50c9e8de78 -> 
  custom:audio-decoder-ogg-vorbis: bf7c407c2cedff20999df2af8eb42d56 -> 
========================================================================
Received Import Request.
  Time since last request: 196905.788969 seconds.
  path: Assets/ArabicAlphabetBoard1/Scripts/Events.cs
  artifactKey: Guid(009a2860ac69a4942834baaa23b9edc5) Importer(815301076,1909f56bfc062723c751e8b465ee728b)
Start importing Assets/ArabicAlphabetBoard1/Scripts/Events.cs using Guid(009a2860ac69a4942834baaa23b9edc5) Importer(815301076,1909f56bfc062723c751e8b465ee728b)  -> (artifact id: '9d01665176db78c0c63f1abd5edbf74b') in 0.119149 seconds 
========================================================================
Received Prepare
Registering precompiled user dll's ...
Registered in 0.021302 seconds.
Begin MonoManager ReloadAssembly
Symbol file LoadedFromMemory doesn't match image C:\Users\mnarr\GP (5)\Library\PackageCache\com.unity.visualscripting@1.7.6\Editor\VisualScripting.Core\Dependencies\DotNetZip\Unity.VisualScripting.IonicZip.dll
Symbol file LoadedFromMemory doesn't match image C:\Users\mnarr\GP (5)\Library\PackageCache\com.unity.visualscripting@1.7.6\Editor\VisualScripting.Core\Dependencies\YamlDotNet\Unity.VisualScripting.YamlDotNet.dll
Symbol file LoadedFromMemory is not a mono symbol file
Native extension for WindowsStandalone target not found
Native extension for Android target not found
Refreshing native plugins compatible for Editor in 3.53 ms, found 7 plugins.
Preloading 2 native plugins for Editor in 0.93 ms.
Mono: successfully reloaded assembly
- Completed reload, in  6.296 seconds
Domain Reload Profiling:
	ReloadAssembly (6297ms)
		BeginReloadAssembly (587ms)
			ExecutionOrderSort (0ms)
			DisableScriptedObjects (34ms)
			BackupInstance (0ms)
			ReleaseScriptingObjects (0ms)
			CreateAndSetChildDomain (126ms)
		EndReloadAssembly (5365ms)
			LoadAssemblies (421ms)
			RebuildTransferFunctionScriptingTraits (1ms)
			SetupTypeCache (986ms)
			ReleaseScriptCaches (3ms)
			RebuildScriptCaches (153ms)
			SetupLoadedEditorAssemblies (3654ms)
				LogAssemblyErrors (0ms)
				InitializePlatformSupportModulesInManaged (80ms)
				SetLoadedEditorAssemblies (1ms)
				RefreshPlugins (5ms)
				BeforeProcessingInitializeOnLoad (268ms)
				ProcessInitializeOnLoadAttributes (3152ms)
				ProcessInitializeOnLoadMethodAttributes (108ms)
				AfterProcessingInitializeOnLoad (38ms)
				EditorAssembliesLoaded (1ms)
			ExecutionOrderSort2 (0ms)
			AwakeInstancesAfterBackupRestoration (18ms)
Platform modules already initialized, skipping
Refreshing native plugins compatible for Editor in 18.57 ms, found 7 plugins.
Preloading 2 native plugins for Editor in 0.21 ms.
Unloading 4723 Unused Serialized files (Serialized files now loaded: 0)
Unloading 43 unused Assets / (53.1 KB). Loaded Objects now: 5539.
Memory consumption went from 249.3 MB to 249.3 MB.
Total: 8.030500 ms (FindLiveObjects: 1.816300 ms CreateObjectMapping: 0.743400 ms MarkObjects: 5.324500 ms  DeleteObjects: 0.144100 ms)

AssetImportParameters requested are different than current active one (requested -> active):
  custom:video-decoder-ogg-theora: a1e56fd34408186e4bbccfd4996cb3dc -> 
  custom:container-muxer-webm: aa71ff27fc2769a1b78a27578f13a17b -> 
  custom:container-demuxer-webm: 4f35f7cbe854078d1ac9338744f61a02 -> 
  custom:video-encoder-webm-vp8: eb34c28f22e8b96e1ab97ce403110664 -> 
  custom:audio-encoder-webm-vorbis: bf7c407c2cedff20999df2af8eb42d56 -> 
  custom:framework-win-MediaFoundation: 216162199b28c13a410421893ffa2e32 -> 
  custom:container-demuxer-ogg: 62fdf1f143b41e24485cea50d1cbac27 -> 
  custom:video-decoder-webm-vp8: 9c59270c3fd7afecdb556c50c9e8de78 -> 
  custom:audio-decoder-ogg-vorbis: bf7c407c2cedff20999df2af8eb42d56 -> 
========================================================================
Received Prepare
Refreshing native plugins compatible for Editor in 33.63 ms, found 7 plugins.
Preloading 2 native plugins for Editor in 0.42 ms.
Unloading 43 Unused Serialized files (Serialized files now loaded: 0)
Unloading 42 unused Assets / (32.6 KB). Loaded Objects now: 5540.
Memory consumption went from 155.4 MB to 155.4 MB.
Total: 21.719500 ms (FindLiveObjects: 1.425600 ms CreateObjectMapping: 0.964000 ms MarkObjects: 19.207600 ms  DeleteObjects: 0.119400 ms)

AssetImportParameters requested are different than current active one (requested -> active):
  custom:video-decoder-ogg-theora: a1e56fd34408186e4bbccfd4996cb3dc -> 
  custom:container-muxer-webm: aa71ff27fc2769a1b78a27578f13a17b -> 
  custom:container-demuxer-webm: 4f35f7cbe854078d1ac9338744f61a02 -> 
  custom:video-encoder-webm-vp8: eb34c28f22e8b96e1ab97ce403110664 -> 
  custom:audio-encoder-webm-vorbis: bf7c407c2cedff20999df2af8eb42d56 -> 
  custom:framework-win-MediaFoundation: 216162199b28c13a410421893ffa2e32 -> 
  custom:container-demuxer-ogg: 62fdf1f143b41e24485cea50d1cbac27 -> 
  custom:video-decoder-webm-vp8: 9c59270c3fd7afecdb556c50c9e8de78 -> 
  custom:audio-decoder-ogg-vorbis: bf7c407c2cedff20999df2af8eb42d56 -> 
========================================================================
Received Prepare
Refreshing native plugins compatible for Editor in 47.64 ms, found 7 plugins.
Preloading 2 native plugins for Editor in 0.32 ms.
Unloading 42 Unused Serialized files (Serialized files now loaded: 0)
Unloading 42 unused Assets / (32.5 KB). Loaded Objects now: 5540.
Memory consumption went from 155.3 MB to 155.3 MB.
Total: 10.462200 ms (FindLiveObjects: 0.990900 ms CreateObjectMapping: 0.808000 ms MarkObjects: 8.600200 ms  DeleteObjects: 0.060700 ms)

AssetImportParameters requested are different than current active one (requested -> active):
  custom:video-decoder-ogg-theora: a1e56fd34408186e4bbccfd4996cb3dc -> 
  custom:container-muxer-webm: aa71ff27fc2769a1b78a27578f13a17b -> 
  custom:container-demuxer-webm: 4f35f7cbe854078d1ac9338744f61a02 -> 
  custom:video-encoder-webm-vp8: eb34c28f22e8b96e1ab97ce403110664 -> 
  custom:audio-encoder-webm-vorbis: bf7c407c2cedff20999df2af8eb42d56 -> 
  custom:framework-win-MediaFoundation: 216162199b28c13a410421893ffa2e32 -> 
  custom:container-demuxer-ogg: 62fdf1f143b41e24485cea50d1cbac27 -> 
  custom:video-decoder-webm-vp8: 9c59270c3fd7afecdb556c50c9e8de78 -> 
  custom:audio-decoder-ogg-vorbis: bf7c407c2cedff20999df2af8eb42d56 -> 
========================================================================
Received Prepare
Registering precompiled user dll's ...
Registered in 0.017651 seconds.
Begin MonoManager ReloadAssembly
Symbol file LoadedFromMemory doesn't match image C:\Users\mnarr\GP (5)\Library\PackageCache\com.unity.visualscripting@1.7.6\Editor\VisualScripting.Core\Dependencies\DotNetZip\Unity.VisualScripting.IonicZip.dll
Symbol file LoadedFromMemory doesn't match image C:\Users\mnarr\GP (5)\Library\PackageCache\com.unity.visualscripting@1.7.6\Editor\VisualScripting.Core\Dependencies\YamlDotNet\Unity.VisualScripting.YamlDotNet.dll
Symbol file LoadedFromMemory is not a mono symbol file
Native extension for WindowsStandalone target not found
Native extension for Android target not found
Refreshing native plugins compatible for Editor in 2.18 ms, found 7 plugins.
Preloading 2 native plugins for Editor in 0.80 ms.
Mono: successfully reloaded assembly
- Completed reload, in  3.155 seconds
Domain Reload Profiling:
	ReloadAssembly (3156ms)
		BeginReloadAssembly (374ms)
			ExecutionOrderSort (0ms)
			DisableScriptedObjects (15ms)
			BackupInstance (0ms)
			ReleaseScriptingObjects (0ms)
			CreateAndSetChildDomain (115ms)
		EndReloadAssembly (2519ms)
			LoadAssemblies (309ms)
			RebuildTransferFunctionScriptingTraits (0ms)
			SetupTypeCache (461ms)
			ReleaseScriptCaches (2ms)
			RebuildScriptCaches (83ms)
			SetupLoadedEditorAssemblies (1660ms)
				LogAssemblyErrors (0ms)
				InitializePlatformSupportModulesInManaged (30ms)
				SetLoadedEditorAssemblies (1ms)
				RefreshPlugins (3ms)
				BeforeProcessingInitializeOnLoad (118ms)
				ProcessInitializeOnLoadAttributes (1466ms)
				ProcessInitializeOnLoadMethodAttributes (31ms)
				AfterProcessingInitializeOnLoad (10ms)
				EditorAssembliesLoaded (0ms)
			ExecutionOrderSort2 (0ms)
			AwakeInstancesAfterBackupRestoration (10ms)
Platform modules already initialized, skipping
Refreshing native plugins compatible for Editor in 18.87 ms, found 7 plugins.
Preloading 2 native plugins for Editor in 0.55 ms.
Unloading 4722 Unused Serialized files (Serialized files now loaded: 0)
Unloading 43 unused Assets / (53.2 KB). Loaded Objects now: 5544.
Memory consumption went from 249.6 MB to 249.6 MB.
Total: 11.886600 ms (FindLiveObjects: 0.960600 ms CreateObjectMapping: 1.182900 ms MarkObjects: 9.616200 ms  DeleteObjects: 0.124300 ms)

AssetImportParameters requested are different than current active one (requested -> active):
  custom:video-decoder-ogg-theora: a1e56fd34408186e4bbccfd4996cb3dc -> 
  custom:container-muxer-webm: aa71ff27fc2769a1b78a27578f13a17b -> 
  custom:container-demuxer-webm: 4f35f7cbe854078d1ac9338744f61a02 -> 
  custom:video-encoder-webm-vp8: eb34c28f22e8b96e1ab97ce403110664 -> 
  custom:audio-encoder-webm-vorbis: bf7c407c2cedff20999df2af8eb42d56 -> 
  custom:framework-win-MediaFoundation: 216162199b28c13a410421893ffa2e32 -> 
  custom:container-demuxer-ogg: 62fdf1f143b41e24485cea50d1cbac27 -> 
  custom:video-decoder-webm-vp8: 9c59270c3fd7afecdb556c50c9e8de78 -> 
  custom:audio-decoder-ogg-vorbis: bf7c407c2cedff20999df2af8eb42d56 -> 
========================================================================
Received Prepare
Registering precompiled user dll's ...
Registered in 0.012903 seconds.
Begin MonoManager ReloadAssembly
Symbol file LoadedFromMemory doesn't match image C:\Users\mnarr\GP (5)\Library\PackageCache\com.unity.visualscripting@1.7.6\Editor\VisualScripting.Core\Dependencies\DotNetZip\Unity.VisualScripting.IonicZip.dll
Symbol file LoadedFromMemory doesn't match image C:\Users\mnarr\GP (5)\Library\PackageCache\com.unity.visualscripting@1.7.6\Editor\VisualScripting.Core\Dependencies\YamlDotNet\Unity.VisualScripting.YamlDotNet.dll
Symbol file LoadedFromMemory is not a mono symbol file
Native extension for WindowsStandalone target not found
Native extension for Android target not found
Refreshing native plugins compatible for Editor in 1.85 ms, found 7 plugins.
Preloading 2 native plugins for Editor in 0.20 ms.
Mono: successfully reloaded assembly
- Completed reload, in  3.298 seconds
Domain Reload Profiling:
	ReloadAssembly (3299ms)
		BeginReloadAssembly (271ms)
			ExecutionOrderSort (0ms)
			DisableScriptedObjects (6ms)
			BackupInstance (0ms)
			ReleaseScriptingObjects (0ms)
			CreateAndSetChildDomain (61ms)
		EndReloadAssembly (2877ms)
			LoadAssemblies (217ms)
			RebuildTransferFunctionScriptingTraits (0ms)
			SetupTypeCache (488ms)
			ReleaseScriptCaches (2ms)
			RebuildScriptCaches (113ms)
			SetupLoadedEditorAssemblies (2029ms)
				LogAssemblyErrors (0ms)
				InitializePlatformSupportModulesInManaged (37ms)
				SetLoadedEditorAssemblies (1ms)
				RefreshPlugins (2ms)
				BeforeProcessingInitializeOnLoad (114ms)
				ProcessInitializeOnLoadAttributes (1832ms)
				ProcessInitializeOnLoadMethodAttributes (34ms)
				AfterProcessingInitializeOnLoad (10ms)
				EditorAssembliesLoaded (1ms)
			ExecutionOrderSort2 (0ms)
			AwakeInstancesAfterBackupRestoration (9ms)
Platform modules already initialized, skipping
Refreshing native plugins compatible for Editor in 18.92 ms, found 7 plugins.
Preloading 2 native plugins for Editor in 0.28 ms.
Unloading 4723 Unused Serialized files (Serialized files now loaded: 0)
Unloading 43 unused Assets / (53.3 KB). Loaded Objects now: 5549.
Memory consumption went from 250.4 MB to 250.3 MB.
Total: 11.992100 ms (FindLiveObjects: 1.810900 ms CreateObjectMapping: 2.080800 ms MarkObjects: 7.964700 ms  DeleteObjects: 0.133200 ms)

AssetImportParameters requested are different than current active one (requested -> active):
  custom:video-decoder-ogg-theora: a1e56fd34408186e4bbccfd4996cb3dc -> 
  custom:container-muxer-webm: aa71ff27fc2769a1b78a27578f13a17b -> 
  custom:container-demuxer-webm: 4f35f7cbe854078d1ac9338744f61a02 -> 
  custom:video-encoder-webm-vp8: eb34c28f22e8b96e1ab97ce403110664 -> 
  custom:audio-encoder-webm-vorbis: bf7c407c2cedff20999df2af8eb42d56 -> 
  custom:framework-win-MediaFoundation: 216162199b28c13a410421893ffa2e32 -> 
  custom:container-demuxer-ogg: 62fdf1f143b41e24485cea50d1cbac27 -> 
  custom:video-decoder-webm-vp8: 9c59270c3fd7afecdb556c50c9e8de78 -> 
  custom:audio-decoder-ogg-vorbis: bf7c407c2cedff20999df2af8eb42d56 -> 
========================================================================
Received Import Request.
  Time since last request: 3344.843831 seconds.
  path: Assets/Editor/Vuforia/ImageTargetTextures/Cards3/15_scaled.jpg
  artifactKey: Guid(24702fbd2bee478fa803bb671c6cf88f) Importer(815301076,1909f56bfc062723c751e8b465ee728b)
Start importing Assets/Editor/Vuforia/ImageTargetTextures/Cards3/15_scaled.jpg using Guid(24702fbd2bee478fa803bb671c6cf88f) Importer(815301076,1909f56bfc062723c751e8b465ee728b)  -> (artifact id: 'ec7d97669fe35f2f89153339f7b182d5') in 0.222087 seconds 
========================================================================
Received Import Request.
  Time since last request: 0.000041 seconds.
  path: Assets/Editor/Vuforia/ImageTargetTextures/Cards2/15_scaled.jpg
  artifactKey: Guid(7346f830a6414b0087e88108d536259c) Importer(815301076,1909f56bfc062723c751e8b465ee728b)
Start importing Assets/Editor/Vuforia/ImageTargetTextures/Cards2/15_scaled.jpg using Guid(7346f830a6414b0087e88108d536259c) Importer(815301076,1909f56bfc062723c751e8b465ee728b)  -> (artifact id: '0ab0f1be09650d91fe2cf30de4e7452b') in 0.061964 seconds 
========================================================================
Received Import Request.
  Time since last request: 0.000050 seconds.
  path: Assets/Editor/Vuforia/ImageTargetTextures/alphabet/15_scaled.jpg
  artifactKey: Guid(7212a41268354f49a09c781d2d7bf572) Importer(815301076,1909f56bfc062723c751e8b465ee728b)
Start importing Assets/Editor/Vuforia/ImageTargetTextures/alphabet/15_scaled.jpg using Guid(7212a41268354f49a09c781d2d7bf572) Importer(815301076,1909f56bfc062723c751e8b465ee728b)  -> (artifact id: '9b3605454acb5ca71df890893fa7fdd8') in 0.056148 seconds 
========================================================================
Received Import Request.
  Time since last request: 0.000047 seconds.
  path: Assets/Editor/Vuforia/ImageTargetTextures/Cards/15_scaled.jpg
  artifactKey: Guid(dbe1d011671c4a74b4419fa721787926) Importer(815301076,1909f56bfc062723c751e8b465ee728b)
Start importing Assets/Editor/Vuforia/ImageTargetTextures/Cards/15_scaled.jpg using Guid(dbe1d011671c4a74b4419fa721787926) Importer(815301076,1909f56bfc062723c751e8b465ee728b)  -> (artifact id: '2c195f5a2fe472f7a027edfb6a8a10f5') in 0.047813 seconds 
========================================================================
Received Import Request.
  Time since last request: 137.220181 seconds.
  path: Assets/letter sounds/1.ogg
  artifactKey: Guid(0a573a153cb567b469483639fd59622c) Importer(815301076,1909f56bfc062723c751e8b465ee728b)
Start importing Assets/letter sounds/1.ogg using Guid(0a573a153cb567b469483639fd59622c) Importer(815301076,1909f56bfc062723c751e8b465ee728b)  -> (artifact id: '7e2b18a728119b470aa5eb8795fcd434') in 0.034653 seconds 
========================================================================
Received Import Request.
  Time since last request: 0.370206 seconds.
  path: Assets/letter sounds/let2.mp3
  artifactKey: Guid(f81986e7139eb2847ae44aa8bd0a55eb) Importer(815301076,1909f56bfc062723c751e8b465ee728b)
Start importing Assets/letter sounds/let2.mp3 using Guid(f81986e7139eb2847ae44aa8bd0a55eb) Importer(815301076,1909f56bfc062723c751e8b465ee728b)  -> (artifact id: 'bea130a0058ce7443ca6ec3fea5afcd9') in 0.158505 seconds 
========================================================================
Received Prepare
Registering precompiled user dll's ...
Registered in 0.019975 seconds.
Begin MonoManager ReloadAssembly
Symbol file LoadedFromMemory doesn't match image C:\Users\mnarr\GP (5)\Library\PackageCache\com.unity.visualscripting@1.7.6\Editor\VisualScripting.Core\Dependencies\DotNetZip\Unity.VisualScripting.IonicZip.dll
Symbol file LoadedFromMemory doesn't match image C:\Users\mnarr\GP (5)\Library\PackageCache\com.unity.visualscripting@1.7.6\Editor\VisualScripting.Core\Dependencies\YamlDotNet\Unity.VisualScripting.YamlDotNet.dll
Symbol file LoadedFromMemory is not a mono symbol file
Native extension for WindowsStandalone target not found
Native extension for Android target not found
Refreshing native plugins compatible for Editor in 3.50 ms, found 7 plugins.
Preloading 2 native plugins for Editor in 0.18 ms.
Mono: successfully reloaded assembly
- Completed reload, in  3.103 seconds
Domain Reload Profiling:
	ReloadAssembly (3104ms)
		BeginReloadAssembly (296ms)
			ExecutionOrderSort (0ms)
			DisableScriptedObjects (6ms)
			BackupInstance (0ms)
			ReleaseScriptingObjects (0ms)
			CreateAndSetChildDomain (86ms)
		EndReloadAssembly (2604ms)
			LoadAssemblies (217ms)
			RebuildTransferFunctionScriptingTraits (0ms)
			SetupTypeCache (428ms)
			ReleaseScriptCaches (2ms)
			RebuildScriptCaches (69ms)
			SetupLoadedEditorAssemblies (1877ms)
				LogAssemblyErrors (0ms)
				InitializePlatformSupportModulesInManaged (40ms)
				SetLoadedEditorAssemblies (1ms)
				RefreshPlugins (4ms)
				BeforeProcessingInitializeOnLoad (140ms)
				ProcessInitializeOnLoadAttributes (1639ms)
				ProcessInitializeOnLoadMethodAttributes (39ms)
				AfterProcessingInitializeOnLoad (14ms)
				EditorAssembliesLoaded (0ms)
			ExecutionOrderSort2 (0ms)
			AwakeInstancesAfterBackupRestoration (13ms)
Platform modules already initialized, skipping
Refreshing native plugins compatible for Editor in 7.87 ms, found 7 plugins.
Preloading 2 native plugins for Editor in 0.12 ms.
Unloading 4723 Unused Serialized files (Serialized files now loaded: 0)
Unloading 43 unused Assets / (53.3 KB). Loaded Objects now: 5563.
Memory consumption went from 255.0 MB to 255.0 MB.
Total: 5.305700 ms (FindLiveObjects: 0.519900 ms CreateObjectMapping: 0.434000 ms MarkObjects: 4.261900 ms  DeleteObjects: 0.088800 ms)

AssetImportParameters requested are different than current active one (requested -> active):
  custom:video-decoder-ogg-theora: a1e56fd34408186e4bbccfd4996cb3dc -> 
  custom:container-muxer-webm: aa71ff27fc2769a1b78a27578f13a17b -> 
  custom:container-demuxer-webm: 4f35f7cbe854078d1ac9338744f61a02 -> 
  custom:video-encoder-webm-vp8: eb34c28f22e8b96e1ab97ce403110664 -> 
  custom:audio-encoder-webm-vorbis: bf7c407c2cedff20999df2af8eb42d56 -> 
  custom:framework-win-MediaFoundation: 216162199b28c13a410421893ffa2e32 -> 
  custom:container-demuxer-ogg: 62fdf1f143b41e24485cea50d1cbac27 -> 
  custom:video-decoder-webm-vp8: 9c59270c3fd7afecdb556c50c9e8de78 -> 
  custom:audio-decoder-ogg-vorbis: bf7c407c2cedff20999df2af8eb42d56 -> 
========================================================================
Received Prepare
Registering precompiled user dll's ...
Registered in 0.017759 seconds.
Begin MonoManager ReloadAssembly
Symbol file LoadedFromMemory doesn't match image C:\Users\mnarr\GP (5)\Library\PackageCache\com.unity.visualscripting@1.7.6\Editor\VisualScripting.Core\Dependencies\DotNetZip\Unity.VisualScripting.IonicZip.dll
Symbol file LoadedFromMemory doesn't match image C:\Users\mnarr\GP (5)\Library\PackageCache\com.unity.visualscripting@1.7.6\Editor\VisualScripting.Core\Dependencies\YamlDotNet\Unity.VisualScripting.YamlDotNet.dll
Symbol file LoadedFromMemory is not a mono symbol file
Native extension for WindowsStandalone target not found
Native extension for Android target not found
Refreshing native plugins compatible for Editor in 1.91 ms, found 7 plugins.
Preloading 2 native plugins for Editor in 0.16 ms.
Mono: successfully reloaded assembly
- Completed reload, in  3.217 seconds
Domain Reload Profiling:
	ReloadAssembly (3218ms)
		BeginReloadAssembly (277ms)
			ExecutionOrderSort (0ms)
			DisableScriptedObjects (7ms)
			BackupInstance (0ms)
			ReleaseScriptingObjects (0ms)
			CreateAndSetChildDomain (69ms)
		EndReloadAssembly (2727ms)
			LoadAssemblies (217ms)
			RebuildTransferFunctionScriptingTraits (0ms)
			SetupTypeCache (460ms)
			ReleaseScriptCaches (3ms)
			RebuildScriptCaches (83ms)
			SetupLoadedEditorAssemblies (1923ms)
				LogAssemblyErrors (0ms)
				InitializePlatformSupportModulesInManaged (41ms)
				SetLoadedEditorAssemblies (1ms)
				RefreshPlugins (2ms)
				BeforeProcessingInitializeOnLoad (161ms)
				ProcessInitializeOnLoadAttributes (1666ms)
				ProcessInitializeOnLoadMethodAttributes (37ms)
				AfterProcessingInitializeOnLoad (14ms)
				EditorAssembliesLoaded (1ms)
			ExecutionOrderSort2 (0ms)
			AwakeInstancesAfterBackupRestoration (13ms)
Platform modules already initialized, skipping
Refreshing native plugins compatible for Editor in 6.71 ms, found 7 plugins.
Preloading 2 native plugins for Editor in 0.11 ms.
Unloading 4723 Unused Serialized files (Serialized files now loaded: 0)
Unloading 43 unused Assets / (53.2 KB). Loaded Objects now: 5568.
Memory consumption went from 255.4 MB to 255.3 MB.
Total: 4.829700 ms (FindLiveObjects: 0.555800 ms CreateObjectMapping: 0.417500 ms MarkObjects: 3.765300 ms  DeleteObjects: 0.089700 ms)

AssetImportParameters requested are different than current active one (requested -> active):
  custom:video-decoder-ogg-theora: a1e56fd34408186e4bbccfd4996cb3dc -> 
  custom:container-muxer-webm: aa71ff27fc2769a1b78a27578f13a17b -> 
  custom:container-demuxer-webm: 4f35f7cbe854078d1ac9338744f61a02 -> 
  custom:video-encoder-webm-vp8: eb34c28f22e8b96e1ab97ce403110664 -> 
  custom:audio-encoder-webm-vorbis: bf7c407c2cedff20999df2af8eb42d56 -> 
  custom:framework-win-MediaFoundation: 216162199b28c13a410421893ffa2e32 -> 
  custom:container-demuxer-ogg: 62fdf1f143b41e24485cea50d1cbac27 -> 
  custom:video-decoder-webm-vp8: 9c59270c3fd7afecdb556c50c9e8de78 -> 
  custom:audio-decoder-ogg-vorbis: bf7c407c2cedff20999df2af8eb42d56 -> 
========================================================================
Received Prepare
Refreshing native plugins compatible for Editor in 104.58 ms, found 7 plugins.
Preloading 2 native plugins for Editor in 0.36 ms.
Unloading 43 Unused Serialized files (Serialized files now loaded: 0)
Unloading 42 unused Assets / (32.5 KB). Loaded Objects now: 5569.
Memory consumption went from 161.5 MB to 161.4 MB.
Total: 16.035400 ms (FindLiveObjects: 1.574800 ms CreateObjectMapping: 0.915000 ms MarkObjects: 13.469400 ms  DeleteObjects: 0.073800 ms)

AssetImportParameters requested are different than current active one (requested -> active):
  custom:video-decoder-ogg-theora: a1e56fd34408186e4bbccfd4996cb3dc -> 
  custom:container-muxer-webm: aa71ff27fc2769a1b78a27578f13a17b -> 
  custom:container-demuxer-webm: 4f35f7cbe854078d1ac9338744f61a02 -> 
  custom:video-encoder-webm-vp8: eb34c28f22e8b96e1ab97ce403110664 -> 
  custom:audio-encoder-webm-vorbis: bf7c407c2cedff20999df2af8eb42d56 -> 
  custom:framework-win-MediaFoundation: 216162199b28c13a410421893ffa2e32 -> 
  custom:container-demuxer-ogg: 62fdf1f143b41e24485cea50d1cbac27 -> 
  custom:video-decoder-webm-vp8: 9c59270c3fd7afecdb556c50c9e8de78 -> 
  custom:audio-decoder-ogg-vorbis: bf7c407c2cedff20999df2af8eb42d56 -> 
========================================================================
Received Prepare
Refreshing native plugins compatible for Editor in 27.12 ms, found 7 plugins.
Preloading 2 native plugins for Editor in 0.32 ms.
Unloading 42 Unused Serialized files (Serialized files now loaded: 0)
Unloading 42 unused Assets / (32.5 KB). Loaded Objects now: 5569.
Memory consumption went from 161.4 MB to 161.3 MB.
Total: 107.871300 ms (FindLiveObjects: 2.690100 ms CreateObjectMapping: 0.683300 ms MarkObjects: 104.195200 ms  DeleteObjects: 0.299800 ms)

AssetImportParameters requested are different than current active one (requested -> active):
  custom:video-decoder-ogg-theora: a1e56fd34408186e4bbccfd4996cb3dc -> 
  custom:container-muxer-webm: aa71ff27fc2769a1b78a27578f13a17b -> 
  custom:container-demuxer-webm: 4f35f7cbe854078d1ac9338744f61a02 -> 
  custom:video-encoder-webm-vp8: eb34c28f22e8b96e1ab97ce403110664 -> 
  custom:audio-encoder-webm-vorbis: bf7c407c2cedff20999df2af8eb42d56 -> 
  custom:framework-win-MediaFoundation: 216162199b28c13a410421893ffa2e32 -> 
  custom:container-demuxer-ogg: 62fdf1f143b41e24485cea50d1cbac27 -> 
  custom:video-decoder-webm-vp8: 9c59270c3fd7afecdb556c50c9e8de78 -> 
  custom:audio-decoder-ogg-vorbis: bf7c407c2cedff20999df2af8eb42d56 -> 
========================================================================
Received Import Request.
  Time since last request: 3771.285720 seconds.
  path: Assets/letter3D/letter8.fbx
  artifactKey: Guid(3ff92f3abf5443d49bcd53823c45f671) Importer(815301076,1909f56bfc062723c751e8b465ee728b)
Start importing Assets/letter3D/letter8.fbx using Guid(3ff92f3abf5443d49bcd53823c45f671) Importer(815301076,1909f56bfc062723c751e8b465ee728b)  -> (artifact id: '5b50f641a8662c22fdae09587d1fb73d') in 1.087213 seconds 
========================================================================
Received Import Request.
  Time since last request: 0.000059 seconds.
  path: Assets/letter3D/letter9.fbx
  artifactKey: Guid(e11c38c2ba4269c4faa026823661484c) Importer(815301076,1909f56bfc062723c751e8b465ee728b)
Start importing Assets/letter3D/letter9.fbx using Guid(e11c38c2ba4269c4faa026823661484c) Importer(815301076,1909f56bfc062723c751e8b465ee728b)  -> (artifact id: '9ba7d1c719b520938a7f23d32adacd7a') in 0.156676 seconds 
========================================================================
Received Import Request.
  Time since last request: 0.000065 seconds.
  path: Assets/letter3D/letter11.fbx
  artifactKey: Guid(64c223fa3284be343a1e148ad18edfb8) Importer(815301076,1909f56bfc062723c751e8b465ee728b)
Start importing Assets/letter3D/letter11.fbx using Guid(64c223fa3284be343a1e148ad18edfb8) Importer(815301076,1909f56bfc062723c751e8b465ee728b)  -> (artifact id: '205b6c22577a9b39c83878d225f5c8b3') in 0.113990 seconds 
========================================================================
Received Import Request.
  Time since last request: 0.000038 seconds.
  path: Assets/letter3D/letter15.fbx
  artifactKey: Guid(c45521f4582b1514dbe27a437f22fcc7) Importer(815301076,1909f56bfc062723c751e8b465ee728b)
Start importing Assets/letter3D/letter15.fbx using Guid(c45521f4582b1514dbe27a437f22fcc7) Importer(815301076,1909f56bfc062723c751e8b465ee728b)  -> (artifact id: 'cf839909aeedd28bd6e6ed1967f4eeb9') in 0.130650 seconds 
========================================================================
Received Import Request.
  Time since last request: 0.000059 seconds.
  path: Assets/letter3D/letter14.fbx
  artifactKey: Guid(a8e166b17d9852c4a8e77378308e0936) Importer(815301076,1909f56bfc062723c751e8b465ee728b)
Start importing Assets/letter3D/letter14.fbx using Guid(a8e166b17d9852c4a8e77378308e0936) Importer(815301076,1909f56bfc062723c751e8b465ee728b)  -> (artifact id: 'a949534c289e3d2ee13ce0ee73e03911') in 0.132395 seconds 
========================================================================
Received Import Request.
  Time since last request: 0.000229 seconds.
  path: Assets/letter3D/letter22.fbx
  artifactKey: Guid(47fe33e7936b8504183d5cd35c44e615) Importer(815301076,1909f56bfc062723c751e8b465ee728b)
Start importing Assets/letter3D/letter22.fbx using Guid(47fe33e7936b8504183d5cd35c44e615) Importer(815301076,1909f56bfc062723c751e8b465ee728b)  -> (artifact id: '6165657c862da1bb8a25e7293ee4b0db') in 0.144554 seconds 
========================================================================
Received Import Request.
  Time since last request: 0.000039 seconds.
  path: Assets/letter3D/letter13.fbx
  artifactKey: Guid(5e7427455b7c1fa4b97a673ee277af26) Importer(815301076,1909f56bfc062723c751e8b465ee728b)
Start importing Assets/letter3D/letter13.fbx using Guid(5e7427455b7c1fa4b97a673ee277af26) Importer(815301076,1909f56bfc062723c751e8b465ee728b)  -> (artifact id: '6cde7c5e67f2d11008507077b2025a22') in 0.143287 seconds 
========================================================================
Received Import Request.
  Time since last request: 0.000133 seconds.
  path: Assets/letter3D/letter28.fbx
  artifactKey: Guid(39de8cb9a85190949bfbe754adf2f17b) Importer(815301076,1909f56bfc062723c751e8b465ee728b)
Start importing Assets/letter3D/letter28.fbx using Guid(39de8cb9a85190949bfbe754adf2f17b) Importer(815301076,1909f56bfc062723c751e8b465ee728b)  -> (artifact id: '76cfd9f51ee7d7d254a80976c813a55e') in 0.162095 seconds 
========================================================================
Received Import Request.
  Time since last request: 0.000134 seconds.
  path: Assets/letter3D/Material.003.mat
  artifactKey: Guid(ae12189831e3975408db0af8a8a1383c) Importer(815301076,1909f56bfc062723c751e8b465ee728b)
Start importing Assets/letter3D/Material.003.mat using Guid(ae12189831e3975408db0af8a8a1383c) Importer(815301076,1909f56bfc062723c751e8b465ee728b)  -> (artifact id: 'd34336cd9c541c3ac77d340d7ab475ff') in 0.138139 seconds 
========================================================================
Received Import Request.
  Time since last request: 0.000041 seconds.
  path: Assets/letter3D/Material.003 1.mat
  artifactKey: Guid(322fba91bda4b3a40a532512e8a382da) Importer(815301076,1909f56bfc062723c751e8b465ee728b)
Start importing Assets/letter3D/Material.003 1.mat using Guid(322fba91bda4b3a40a532512e8a382da) Importer(815301076,1909f56bfc062723c751e8b465ee728b)  -> (artifact id: 'da1f74ca3ffbc17b44f10910c5ab1300') in 0.090910 seconds 
========================================================================
Received Import Request.
  Time since last request: 0.000411 seconds.
  path: Assets/letter3D/letter16.fbx
  artifactKey: Guid(5616df40263d6204cb02cfddd39a74db) Importer(815301076,1909f56bfc062723c751e8b465ee728b)
Start importing Assets/letter3D/letter16.fbx using Guid(5616df40263d6204cb02cfddd39a74db) Importer(815301076,1909f56bfc062723c751e8b465ee728b)  -> (artifact id: 'c44d599cf75bb44d14f764977cd39bd1') in 0.125798 seconds 
========================================================================
Received Import Request.
  Time since last request: 0.000063 seconds.
  path: Assets/letter3D/letter10.fbx
  artifactKey: Guid(95e792c7206879543b72b381bec78794) Importer(815301076,1909f56bfc062723c751e8b465ee728b)
Start importing Assets/letter3D/letter10.fbx using Guid(95e792c7206879543b72b381bec78794) Importer(815301076,1909f56bfc062723c751e8b465ee728b)  -> (artifact id: '3ad9d24d114e2982d58fd94780ec5194') in 0.124466 seconds 
========================================================================
Received Import Request.
  Time since last request: 0.000048 seconds.
  path: Assets/letter3D/letter24.fbx
  artifactKey: Guid(5f66cbb14ff165045bb5ea28bcd76ff5) Importer(815301076,1909f56bfc062723c751e8b465ee728b)
Start importing Assets/letter3D/letter24.fbx using Guid(5f66cbb14ff165045bb5ea28bcd76ff5) Importer(815301076,1909f56bfc062723c751e8b465ee728b)  -> (artifact id: '111849560d14ca9023b5c9426f640461') in 0.138373 seconds 
========================================================================
Received Import Request.
  Time since last request: 0.000053 seconds.
  path: Assets/letter3D/letter12.fbx
  artifactKey: Guid(a1d62ea20dd7d6b408fcbfa7cb7af9f6) Importer(815301076,1909f56bfc062723c751e8b465ee728b)
Start importing Assets/letter3D/letter12.fbx using Guid(a1d62ea20dd7d6b408fcbfa7cb7af9f6) Importer(815301076,1909f56bfc062723c751e8b465ee728b)  -> (artifact id: '344426d1dff1cd716a3e74596b474913') in 0.142252 seconds 
========================================================================
Received Import Request.
  Time since last request: 0.000115 seconds.
  path: Assets/letter3D/letter19.fbx
  artifactKey: Guid(84f1a70241981db4cbbd16dc1dcd9a0a) Importer(815301076,1909f56bfc062723c751e8b465ee728b)
Start importing Assets/letter3D/letter19.fbx using Guid(84f1a70241981db4cbbd16dc1dcd9a0a) Importer(815301076,1909f56bfc062723c751e8b465ee728b)  -> (artifact id: '381eac92db3697ff6c6a56b5cb2530e5') in 0.168532 seconds 
========================================================================
Received Import Request.
  Time since last request: 0.000045 seconds.
  path: Assets/letter3D/letter20.fbx
  artifactKey: Guid(ba976e7f0d801f948b60ca2c5268856c) Importer(815301076,1909f56bfc062723c751e8b465ee728b)
Start importing Assets/letter3D/letter20.fbx using Guid(ba976e7f0d801f948b60ca2c5268856c) Importer(815301076,1909f56bfc062723c751e8b465ee728b)  -> (artifact id: '5334aa189121af31444cbe53e1d93ebb') in 0.160176 seconds 
========================================================================
Received Import Request.
  Time since last request: 0.000092 seconds.
  path: Assets/letter3D/letter23.fbx
  artifactKey: Guid(f2022d462c9418344941c0aa489f6697) Importer(815301076,1909f56bfc062723c751e8b465ee728b)
Start importing Assets/letter3D/letter23.fbx using Guid(f2022d462c9418344941c0aa489f6697) Importer(815301076,1909f56bfc062723c751e8b465ee728b)  -> (artifact id: '3c0badcadb2dec1e162f82668974c11b') in 0.161536 seconds 
========================================================================
Received Import Request.
  Time since last request: 0.000067 seconds.
  path: Assets/letter3D/letter26.fbx
  artifactKey: Guid(1821a5d7918e2464eb47433e95a27153) Importer(815301076,1909f56bfc062723c751e8b465ee728b)
Start importing Assets/letter3D/letter26.fbx using Guid(1821a5d7918e2464eb47433e95a27153) Importer(815301076,1909f56bfc062723c751e8b465ee728b)  -> (artifact id: '75237b68b7f41872dbaa726e5874fa68') in 0.130268 seconds 
========================================================================
Received Import Request.
  Time since last request: 0.000045 seconds.
  path: Assets/letter3D/letter18.fbx
  artifactKey: Guid(fbe3162359cbaea4885f1167b29024fe) Importer(815301076,1909f56bfc062723c751e8b465ee728b)
Start importing Assets/letter3D/letter18.fbx using Guid(fbe3162359cbaea4885f1167b29024fe) Importer(815301076,1909f56bfc062723c751e8b465ee728b)  -> (artifact id: '8803160a1ed07718bb699c03a8321931') in 0.119649 seconds 
========================================================================
Received Import Request.
  Time since last request: 0.000054 seconds.
  path: Assets/letter3D/letter21.fbx
  artifactKey: Guid(0afac9a0d30e2f8468e6684a0e080a42) Importer(815301076,1909f56bfc062723c751e8b465ee728b)
Start importing Assets/letter3D/letter21.fbx using Guid(0afac9a0d30e2f8468e6684a0e080a42) Importer(815301076,1909f56bfc062723c751e8b465ee728b)  -> (artifact id: '69e16873bf3c5c73b8c1ccbb0f8f060e') in 0.118374 seconds 
========================================================================
Received Import Request.
  Time since last request: 0.000101 seconds.
  path: Assets/letter3D/letter27.fbx
  artifactKey: Guid(558ec81f221a75b4eaefc260a27d90a9) Importer(815301076,1909f56bfc062723c751e8b465ee728b)
Start importing Assets/letter3D/letter27.fbx using Guid(558ec81f221a75b4eaefc260a27d90a9) Importer(815301076,1909f56bfc062723c751e8b465ee728b)  -> (artifact id: '73044f4e61975671661f19e3a1a83cb2') in 0.121816 seconds 
========================================================================
Received Import Request.
  Time since last request: 0.000041 seconds.
  path: Assets/letter3D/letter25.fbx
  artifactKey: Guid(56fd6c3cab48ef0479fa97b40a3a7bbc) Importer(815301076,1909f56bfc062723c751e8b465ee728b)
Start importing Assets/letter3D/letter25.fbx using Guid(56fd6c3cab48ef0479fa97b40a3a7bbc) Importer(815301076,1909f56bfc062723c751e8b465ee728b)  -> (artifact id: 'c3bc083d37dcabdda060baa359bf912e') in 0.134252 seconds 
========================================================================
Received Prepare
Refreshing native plugins compatible for Editor in 39.18 ms, found 7 plugins.
Preloading 2 native plugins for Editor in 0.18 ms.
Unloading 42 Unused Serialized files (Serialized files now loaded: 0)
Unloading 42 unused Assets / (32.5 KB). Loaded Objects now: 5606.
Memory consumption went from 162.2 MB to 162.2 MB.
Total: 9.247600 ms (FindLiveObjects: 0.596500 ms CreateObjectMapping: 0.494100 ms MarkObjects: 8.093200 ms  DeleteObjects: 0.061900 ms)

AssetImportParameters requested are different than current active one (requested -> active):
  custom:video-decoder-ogg-theora: a1e56fd34408186e4bbccfd4996cb3dc -> 
  custom:container-muxer-webm: aa71ff27fc2769a1b78a27578f13a17b -> 
  custom:container-demuxer-webm: 4f35f7cbe854078d1ac9338744f61a02 -> 
  custom:video-encoder-webm-vp8: eb34c28f22e8b96e1ab97ce403110664 -> 
  custom:audio-encoder-webm-vorbis: bf7c407c2cedff20999df2af8eb42d56 -> 
  custom:framework-win-MediaFoundation: 216162199b28c13a410421893ffa2e32 -> 
  custom:container-demuxer-ogg: 62fdf1f143b41e24485cea50d1cbac27 -> 
  custom:video-decoder-webm-vp8: 9c59270c3fd7afecdb556c50c9e8de78 -> 
  custom:audio-decoder-ogg-vorbis: bf7c407c2cedff20999df2af8eb42d56 -> 
========================================================================
Received Import Request.
  Time since last request: 3554.531897 seconds.
  path: Assets/Letters3D/letter8.fbx
  artifactKey: Guid(c8f6b74639c2945ccbd3fdd0e2401af2) Importer(815301076,1909f56bfc062723c751e8b465ee728b)
Start importing Assets/Letters3D/letter8.fbx using Guid(c8f6b74639c2945ccbd3fdd0e2401af2) Importer(815301076,1909f56bfc062723c751e8b465ee728b)  -> (artifact id: '0d902074a98d0ae84dbc3d53e380c274') in 0.224323 seconds 
========================================================================
Received Import Request.
  Time since last request: 0.000063 seconds.
  path: Assets/Letters3D/letter10.fbx
  artifactKey: Guid(3c3e58c4fc39e48eebd33a3ed462535d) Importer(815301076,1909f56bfc062723c751e8b465ee728b)
Start importing Assets/Letters3D/letter10.fbx using Guid(3c3e58c4fc39e48eebd33a3ed462535d) Importer(815301076,1909f56bfc062723c751e8b465ee728b)  -> (artifact id: 'af6d93639438513c25afd473c20effc6') in 0.187197 seconds 
========================================================================
Received Import Request.
  Time since last request: 0.000094 seconds.
  path: Assets/Letters3D/letter11.fbx
  artifactKey: Guid(7ddf95a3d779d4094abcc06614137825) Importer(815301076,1909f56bfc062723c751e8b465ee728b)
Start importing Assets/Letters3D/letter11.fbx using Guid(7ddf95a3d779d4094abcc06614137825) Importer(815301076,1909f56bfc062723c751e8b465ee728b)  -> (artifact id: '05064808d81e85639de0d12cbf030fb4') in 0.153543 seconds 
========================================================================
Received Import Request.
  Time since last request: 0.000042 seconds.
  path: Assets/Letters3D/letter9.fbx
  artifactKey: Guid(2b471b07b777944248a4c8da3d5b5d97) Importer(815301076,1909f56bfc062723c751e8b465ee728b)
Start importing Assets/Letters3D/letter9.fbx using Guid(2b471b07b777944248a4c8da3d5b5d97) Importer(815301076,1909f56bfc062723c751e8b465ee728b)  -> (artifact id: '9cea8e678083b04f511e7cbee88b54ca') in 0.144049 seconds 
========================================================================
Received Import Request.
  Time since last request: 0.000089 seconds.
  path: Assets/Letters3D/letter14.fbx
  artifactKey: Guid(cc38825dd9dd4464dbd3b42283182f1a) Importer(815301076,1909f56bfc062723c751e8b465ee728b)
Start importing Assets/Letters3D/letter14.fbx using Guid(cc38825dd9dd4464dbd3b42283182f1a) Importer(815301076,1909f56bfc062723c751e8b465ee728b)  -> (artifact id: '948991b0c9374a815beece534efb6bcc') in 0.215412 seconds 
========================================================================
Received Import Request.
  Time since last request: 0.000066 seconds.
  path: Assets/Letters3D/letter13.fbx
  artifactKey: Guid(863b073ddaf1a4fc8bd6a77bedba296a) Importer(815301076,1909f56bfc062723c751e8b465ee728b)
Start importing Assets/Letters3D/letter13.fbx using Guid(863b073ddaf1a4fc8bd6a77bedba296a) Importer(815301076,1909f56bfc062723c751e8b465ee728b)  -> (artifact id: '4676e1c874bb68b5ebcea8a28b0fd2d1') in 0.220990 seconds 
========================================================================
Received Import Request.
  Time since last request: 0.000056 seconds.
  path: Assets/Letters3D/letter12.fbx
  artifactKey: Guid(4ccfc2ab1b3ac4c11998c9beecde0994) Importer(815301076,1909f56bfc062723c751e8b465ee728b)
Start importing Assets/Letters3D/letter12.fbx using Guid(4ccfc2ab1b3ac4c11998c9beecde0994) Importer(815301076,1909f56bfc062723c751e8b465ee728b)  -> (artifact id: '911ed51719c26dec5fa867cc0f2c55f0') in 0.173529 seconds 
========================================================================
Received Import Request.
  Time since last request: 277.778335 seconds.
  path: Assets/Scenes/AlphabetWriting.unity
  artifactKey: Guid(67f8a0f7db5a4f74cbb492fe5ea7a051) Importer(815301076,1909f56bfc062723c751e8b465ee728b)
Start importing Assets/Scenes/AlphabetWriting.unity using Guid(67f8a0f7db5a4f74cbb492fe5ea7a051) Importer(815301076,1909f56bfc062723c751e8b465ee728b)  -> (artifact id: '02e5ab5b579380912e109c38939d68c6') in 0.078007 seconds 
========================================================================
Received Import Request.
  Time since last request: 476.935925 seconds.
  path: Assets/game1/Resources/bullet.prefab
  artifactKey: Guid(7efba32bd6f97f6408c833d1cd963eb7) Importer(815301076,1909f56bfc062723c751e8b465ee728b)
Start importing Assets/game1/Resources/bullet.prefab using Guid(7efba32bd6f97f6408c833d1cd963eb7) Importer(815301076,1909f56bfc062723c751e8b465ee728b) Tried select unknown importer for id '-2' '00000000000000000000000000000000'
 -> (artifact id: '02b524852505b4bd1b3a0ffcbd95cd19') in 0.213091 seconds 
========================================================================
Received Import Request.
  Time since last request: 18.932829 seconds.
  path: Assets/lettersfordragdrop/12.png
  artifactKey: Guid(387535d4e7523ba4b85f1956a102b1a4) Importer(815301076,1909f56bfc062723c751e8b465ee728b)
Start importing Assets/lettersfordragdrop/12.png using Guid(387535d4e7523ba4b85f1956a102b1a4) Importer(815301076,1909f56bfc062723c751e8b465ee728b)  -> (artifact id: '1d93e0c3d277bb49f65b2684c851515a') in 0.358595 seconds 
========================================================================
Received Import Request.
  Time since last request: 0.000046 seconds.
  path: Assets/drag-dropGame/Images/Letters Images/12.png
  artifactKey: Guid(56f503fcc3e08b9488415912a53e094f) Importer(815301076,1909f56bfc062723c751e8b465ee728b)
Start importing Assets/drag-dropGame/Images/Letters Images/12.png using Guid(56f503fcc3e08b9488415912a53e094f) Importer(815301076,1909f56bfc062723c751e8b465ee728b)  -> (artifact id: '08d641d62ee876a58a8d888148a24e36') in 0.235574 seconds 
========================================================================
Received Import Request.
  Time since last request: 0.000060 seconds.
  path: Assets/ArabicAlphabetBoard1/Sprites/ArabicLetters/12.png
  artifactKey: Guid(8586a3330929c6e4f965360b97c9da4d) Importer(815301076,1909f56bfc062723c751e8b465ee728b)
Start importing Assets/ArabicAlphabetBoard1/Sprites/ArabicLetters/12.png using Guid(8586a3330929c6e4f965360b97c9da4d) Importer(815301076,1909f56bfc062723c751e8b465ee728b)  -> (artifact id: '28200a7c5595c2d3d22625bf49eca0ff') in 0.146494 seconds 
========================================================================
Received Import Request.
  Time since last request: 0.000061 seconds.
  path: Assets/drag-dropGame/Images/Letters Images/Audio/12.wav
  artifactKey: Guid(ee8f4913afc48a5408466be01322a3e2) Importer(815301076,1909f56bfc062723c751e8b465ee728b)
Start importing Assets/drag-dropGame/Images/Letters Images/Audio/12.wav using Guid(ee8f4913afc48a5408466be01322a3e2) Importer(815301076,1909f56bfc062723c751e8b465ee728b)  -> (artifact id: '38d2ca0dbca64b11f9f2cf107965b91d') in 0.078174 seconds 
========================================================================
Received Import Request.
  Time since last request: 0.000098 seconds.
  path: Assets/lettersfordragdrop/12 1.png
  artifactKey: Guid(d19525dedc9d5c541b2d865e8b9f6179) Importer(815301076,1909f56bfc062723c751e8b465ee728b)
Start importing Assets/lettersfordragdrop/12 1.png using Guid(d19525dedc9d5c541b2d865e8b9f6179) Importer(815301076,1909f56bfc062723c751e8b465ee728b)  -> (artifact id: 'c1fc7bbcd777d1f92fe90ba60d5d206e') in 0.166590 seconds 
========================================================================
Received Import Request.
  Time since last request: 238.347130 seconds.
  path: Assets/tiger-rigged-with-many-different-animations/source/Tiger model/Tiger model/attack.fbx
  artifactKey: Guid(2e51183d1017a834e94a91bfbadfe231) Importer(815301076,1909f56bfc062723c751e8b465ee728b)
Start importing Assets/tiger-rigged-with-many-different-animations/source/Tiger model/Tiger model/attack.fbx using Guid(2e51183d1017a834e94a91bfbadfe231) Importer(815301076,1909f56bfc062723c751e8b465ee728b)  -> (artifact id: '1c85497e308ca037e4eb3882a5ff8ab0') in 1.480339 seconds 
========================================================================
Received Import Request.
  Time since last request: 0.000186 seconds.
  path: Assets/tiger-rigged-with-many-different-animations/source/Tiger model/Tiger model/run.fbx
  artifactKey: Guid(33f80f38b4aa55d47be81382fc63bf6f) Importer(815301076,1909f56bfc062723c751e8b465ee728b)
Start importing Assets/tiger-rigged-with-many-different-animations/source/Tiger model/Tiger model/run.fbx using Guid(33f80f38b4aa55d47be81382fc63bf6f) Importer(815301076,1909f56bfc062723c751e8b465ee728b)  -> (artifact id: '04665fcfd37e481521bf0ff6d510e4fe') in 0.304102 seconds 
========================================================================
Received Import Request.
  Time since last request: 0.000057 seconds.
  path: Assets/rrr/source/Quill.fbx
  artifactKey: Guid(6005f49c8a106b4478662b9034b72acd) Importer(815301076,1909f56bfc062723c751e8b465ee728b)
Start importing Assets/rrr/source/Quill.fbx using Guid(6005f49c8a106b4478662b9034b72acd) Importer(815301076,1909f56bfc062723c751e8b465ee728b)  -> (artifact id: 'd44e21bc941560de892be47c26e9bb19') in 0.177487 seconds 
========================================================================
Received Import Request.
  Time since last request: 0.000052 seconds.
  path: Assets/guppie-animated/source/Guppie_Animated.fbx
  artifactKey: Guid(53265d1cd17436842b12b973c167decd) Importer(815301076,1909f56bfc062723c751e8b465ee728b)
Start importing Assets/guppie-animated/source/Guppie_Animated.fbx using Guid(53265d1cd17436842b12b973c167decd) Importer(815301076,1909f56bfc062723c751e8b465ee728b)  -> (artifact id: '7b2f2909eddb0fca279fa149b2c33409') in 0.274419 seconds 
========================================================================
Received Import Request.
  Time since last request: 0.000060 seconds.
  path: Assets/tiger-rigged-with-many-different-animations/source/Tiger model/Tiger model/walk.fbx
  artifactKey: Guid(9de22ac1fbba1b04d82ad9d2ba1a1f11) Importer(815301076,1909f56bfc062723c751e8b465ee728b)
Start importing Assets/tiger-rigged-with-many-different-animations/source/Tiger model/Tiger model/walk.fbx using Guid(9de22ac1fbba1b04d82ad9d2ba1a1f11) Importer(815301076,1909f56bfc062723c751e8b465ee728b)  -> (artifact id: '57cf70033b7e28016f581b1645fbe0ed') in 0.285767 seconds 
========================================================================
Received Prepare
Registering precompiled user dll's ...
Registered in 0.055415 seconds.
Begin MonoManager ReloadAssembly
Symbol file LoadedFromMemory doesn't match image C:\Users\mnarr\GP (5)\Library\PackageCache\com.unity.visualscripting@1.7.6\Editor\VisualScripting.Core\Dependencies\DotNetZip\Unity.VisualScripting.IonicZip.dll
Symbol file LoadedFromMemory doesn't match image C:\Users\mnarr\GP (5)\Library\PackageCache\com.unity.visualscripting@1.7.6\Editor\VisualScripting.Core\Dependencies\YamlDotNet\Unity.VisualScripting.YamlDotNet.dll
Symbol file LoadedFromMemory is not a mono symbol file
Native extension for WindowsStandalone target not found
Native extension for Android target not found
Refreshing native plugins compatible for Editor in 3.70 ms, found 7 plugins.
Preloading 2 native plugins for Editor in 0.52 ms.
Mono: successfully reloaded assembly
- Completed reload, in  8.024 seconds
Domain Reload Profiling:
	ReloadAssembly (8026ms)
		BeginReloadAssembly (1154ms)
			ExecutionOrderSort (0ms)
			DisableScriptedObjects (64ms)
			BackupInstance (0ms)
			ReleaseScriptingObjects (0ms)
			CreateAndSetChildDomain (436ms)
		EndReloadAssembly (6314ms)
			LoadAssemblies (713ms)
			RebuildTransferFunctionScriptingTraits (0ms)
			SetupTypeCache (1155ms)
			ReleaseScriptCaches (5ms)
			RebuildScriptCaches (228ms)
			SetupLoadedEditorAssemblies (4297ms)
				LogAssemblyErrors (0ms)
				InitializePlatformSupportModulesInManaged (130ms)
				SetLoadedEditorAssemblies (2ms)
				RefreshPlugins (5ms)
				BeforeProcessingInitializeOnLoad (464ms)
				ProcessInitializeOnLoadAttributes (3609ms)
				ProcessInitializeOnLoadMethodAttributes (65ms)
				AfterProcessingInitializeOnLoad (23ms)
				EditorAssembliesLoaded (1ms)
			ExecutionOrderSort2 (0ms)
			AwakeInstancesAfterBackupRestoration (19ms)
Platform modules already initialized, skipping
Refreshing native plugins compatible for Editor in 15.38 ms, found 7 plugins.
Preloading 2 native plugins for Editor in 0.31 ms.
Unloading 4722 Unused Serialized files (Serialized files now loaded: 0)
Unloading 43 unused Assets / (53.3 KB). Loaded Objects now: 5615.
Memory consumption went from 256.5 MB to 256.4 MB.
Total: 9.872100 ms (FindLiveObjects: 1.005700 ms CreateObjectMapping: 0.840500 ms MarkObjects: 7.903400 ms  DeleteObjects: 0.119300 ms)

AssetImportParameters requested are different than current active one (requested -> active):
  custom:video-decoder-ogg-theora: a1e56fd34408186e4bbccfd4996cb3dc -> 
  custom:container-muxer-webm: aa71ff27fc2769a1b78a27578f13a17b -> 
  custom:container-demuxer-webm: 4f35f7cbe854078d1ac9338744f61a02 -> 
  custom:video-encoder-webm-vp8: eb34c28f22e8b96e1ab97ce403110664 -> 
  custom:audio-encoder-webm-vorbis: bf7c407c2cedff20999df2af8eb42d56 -> 
  custom:framework-win-MediaFoundation: 216162199b28c13a410421893ffa2e32 -> 
  custom:container-demuxer-ogg: 62fdf1f143b41e24485cea50d1cbac27 -> 
  custom:video-decoder-webm-vp8: 9c59270c3fd7afecdb556c50c9e8de78 -> 
  custom:audio-decoder-ogg-vorbis: bf7c407c2cedff20999df2af8eb42d56 -> 
========================================================================
Received Prepare
Registering precompiled user dll's ...
Registered in 0.026333 seconds.
Begin MonoManager ReloadAssembly
Symbol file LoadedFromMemory doesn't match image C:\Users\mnarr\GP (5)\Library\PackageCache\com.unity.visualscripting@1.7.6\Editor\VisualScripting.Core\Dependencies\DotNetZip\Unity.VisualScripting.IonicZip.dll
Symbol file LoadedFromMemory doesn't match image C:\Users\mnarr\GP (5)\Library\PackageCache\com.unity.visualscripting@1.7.6\Editor\VisualScripting.Core\Dependencies\YamlDotNet\Unity.VisualScripting.YamlDotNet.dll
Symbol file LoadedFromMemory is not a mono symbol file
Native extension for WindowsStandalone target not found
Native extension for Android target not found
Refreshing native plugins compatible for Editor in 3.85 ms, found 7 plugins.
Preloading 2 native plugins for Editor in 0.42 ms.
Mono: successfully reloaded assembly
- Completed reload, in  5.872 seconds
Domain Reload Profiling:
	ReloadAssembly (5874ms)
		BeginReloadAssembly (495ms)
			ExecutionOrderSort (0ms)
			DisableScriptedObjects (9ms)
			BackupInstance (0ms)
			ReleaseScriptingObjects (0ms)
			CreateAndSetChildDomain (110ms)
		EndReloadAssembly (5064ms)
			LoadAssemblies (456ms)
			RebuildTransferFunctionScriptingTraits (0ms)
			SetupTypeCache (952ms)
			ReleaseScriptCaches (4ms)
			RebuildScriptCaches (178ms)
			SetupLoadedEditorAssemblies (3225ms)
				LogAssemblyErrors (0ms)
				InitializePlatformSupportModulesInManaged (78ms)
				SetLoadedEditorAssemblies (1ms)
				RefreshPlugins (4ms)
				BeforeProcessingInitializeOnLoad (267ms)
				ProcessInitializeOnLoadAttributes (2738ms)
				ProcessInitializeOnLoadMethodAttributes (103ms)
				AfterProcessingInitializeOnLoad (32ms)
				EditorAssembliesLoaded (2ms)
			ExecutionOrderSort2 (0ms)
			AwakeInstancesAfterBackupRestoration (61ms)
Platform modules already initialized, skipping
Refreshing native plugins compatible for Editor in 27.00 ms, found 7 plugins.
Preloading 2 native plugins for Editor in 0.48 ms.
Unloading 4723 Unused Serialized files (Serialized files now loaded: 0)
Unloading 43 unused Assets / (53.3 KB). Loaded Objects now: 5620.
Memory consumption went from 257.2 MB to 257.2 MB.
Total: 16.349200 ms (FindLiveObjects: 1.236000 ms CreateObjectMapping: 1.372800 ms MarkObjects: 13.566700 ms  DeleteObjects: 0.170800 ms)

AssetImportParameters requested are different than current active one (requested -> active):
  custom:video-decoder-ogg-theora: a1e56fd34408186e4bbccfd4996cb3dc -> 
  custom:container-muxer-webm: aa71ff27fc2769a1b78a27578f13a17b -> 
  custom:container-demuxer-webm: 4f35f7cbe854078d1ac9338744f61a02 -> 
  custom:video-encoder-webm-vp8: eb34c28f22e8b96e1ab97ce403110664 -> 
  custom:audio-encoder-webm-vorbis: bf7c407c2cedff20999df2af8eb42d56 -> 
  custom:framework-win-MediaFoundation: 216162199b28c13a410421893ffa2e32 -> 
  custom:container-demuxer-ogg: 62fdf1f143b41e24485cea50d1cbac27 -> 
  custom:video-decoder-webm-vp8: 9c59270c3fd7afecdb556c50c9e8de78 -> 
  custom:audio-decoder-ogg-vorbis: bf7c407c2cedff20999df2af8eb42d56 -> 
========================================================================
Received Prepare
Registering precompiled user dll's ...
Registered in 0.024612 seconds.
Begin MonoManager ReloadAssembly
Symbol file LoadedFromMemory doesn't match image C:\Users\mnarr\GP (5)\Library\PackageCache\com.unity.visualscripting@1.7.6\Editor\VisualScripting.Core\Dependencies\DotNetZip\Unity.VisualScripting.IonicZip.dll
Symbol file LoadedFromMemory doesn't match image C:\Users\mnarr\GP (5)\Library\PackageCache\com.unity.visualscripting@1.7.6\Editor\VisualScripting.Core\Dependencies\YamlDotNet\Unity.VisualScripting.YamlDotNet.dll
Symbol file LoadedFromMemory is not a mono symbol file
Native extension for WindowsStandalone target not found
Native extension for Android target not found
Refreshing native plugins compatible for Editor in 1.95 ms, found 7 plugins.
Preloading 2 native plugins for Editor in 0.19 ms.
Mono: successfully reloaded assembly
- Completed reload, in  5.809 seconds
Domain Reload Profiling:
	ReloadAssembly (5811ms)
		BeginReloadAssembly (546ms)
			ExecutionOrderSort (0ms)
			DisableScriptedObjects (8ms)
			BackupInstance (0ms)
			ReleaseScriptingObjects (0ms)
			CreateAndSetChildDomain (106ms)
		EndReloadAssembly (4957ms)
			LoadAssemblies (464ms)
			RebuildTransferFunctionScriptingTraits (0ms)
			SetupTypeCache (691ms)
			ReleaseScriptCaches (3ms)
			RebuildScriptCaches (207ms)
			SetupLoadedEditorAssemblies (3475ms)
				LogAssemblyErrors (0ms)
				InitializePlatformSupportModulesInManaged (74ms)
				SetLoadedEditorAssemblies (1ms)
				RefreshPlugins (2ms)
				BeforeProcessingInitializeOnLoad (274ms)
				ProcessInitializeOnLoadAttributes (2958ms)
				ProcessInitializeOnLoadMethodAttributes (124ms)
				AfterProcessingInitializeOnLoad (40ms)
				EditorAssembliesLoaded (2ms)
			ExecutionOrderSort2 (0ms)
			AwakeInstancesAfterBackupRestoration (40ms)
Platform modules already initialized, skipping
Refreshing native plugins compatible for Editor in 28.12 ms, found 7 plugins.
Preloading 2 native plugins for Editor in 0.54 ms.
Unloading 4723 Unused Serialized files (Serialized files now loaded: 0)
Unloading 43 unused Assets / (53.2 KB). Loaded Objects now: 5625.
Memory consumption went from 257.8 MB to 257.7 MB.
Total: 15.839600 ms (FindLiveObjects: 1.543500 ms CreateObjectMapping: 1.073100 ms MarkObjects: 13.022700 ms  DeleteObjects: 0.196500 ms)

AssetImportParameters requested are different than current active one (requested -> active):
  custom:video-decoder-ogg-theora: a1e56fd34408186e4bbccfd4996cb3dc -> 
  custom:container-muxer-webm: aa71ff27fc2769a1b78a27578f13a17b -> 
  custom:container-demuxer-webm: 4f35f7cbe854078d1ac9338744f61a02 -> 
  custom:video-encoder-webm-vp8: eb34c28f22e8b96e1ab97ce403110664 -> 
  custom:audio-encoder-webm-vorbis: bf7c407c2cedff20999df2af8eb42d56 -> 
  custom:framework-win-MediaFoundation: 216162199b28c13a410421893ffa2e32 -> 
  custom:container-demuxer-ogg: 62fdf1f143b41e24485cea50d1cbac27 -> 
  custom:video-decoder-webm-vp8: 9c59270c3fd7afecdb556c50c9e8de78 -> 
  custom:audio-decoder-ogg-vorbis: bf7c407c2cedff20999df2af8eb42d56 -> 
========================================================================
Received Prepare
Registering precompiled user dll's ...
Registered in 0.020752 seconds.
Begin MonoManager ReloadAssembly
Symbol file LoadedFromMemory doesn't match image C:\Users\mnarr\GP (5)\Library\PackageCache\com.unity.visualscripting@1.7.6\Editor\VisualScripting.Core\Dependencies\DotNetZip\Unity.VisualScripting.IonicZip.dll
Symbol file LoadedFromMemory doesn't match image C:\Users\mnarr\GP (5)\Library\PackageCache\com.unity.visualscripting@1.7.6\Editor\VisualScripting.Core\Dependencies\YamlDotNet\Unity.VisualScripting.YamlDotNet.dll
Symbol file LoadedFromMemory is not a mono symbol file
Native extension for WindowsStandalone target not found
Native extension for Android target not found
Refreshing native plugins compatible for Editor in 4.15 ms, found 7 plugins.
Preloading 2 native plugins for Editor in 0.27 ms.
Mono: successfully reloaded assembly
- Completed reload, in  5.408 seconds
Domain Reload Profiling:
	ReloadAssembly (5409ms)
		BeginReloadAssembly (423ms)
			ExecutionOrderSort (0ms)
			DisableScriptedObjects (12ms)
			BackupInstance (0ms)
			ReleaseScriptingObjects (0ms)
			CreateAndSetChildDomain (101ms)
		EndReloadAssembly (4712ms)
			LoadAssemblies (333ms)
			RebuildTransferFunctionScriptingTraits (1ms)
			SetupTypeCache (837ms)
			ReleaseScriptCaches (4ms)
			RebuildScriptCaches (123ms)
			SetupLoadedEditorAssemblies (3352ms)
				LogAssemblyErrors (0ms)
				InitializePlatformSupportModulesInManaged (57ms)
				SetLoadedEditorAssemblies (1ms)
				RefreshPlugins (5ms)
				BeforeProcessingInitializeOnLoad (267ms)
				ProcessInitializeOnLoadAttributes (2893ms)
				ProcessInitializeOnLoadMethodAttributes (95ms)
				AfterProcessingInitializeOnLoad (31ms)
				EditorAssembliesLoaded (2ms)
			ExecutionOrderSort2 (0ms)
			AwakeInstancesAfterBackupRestoration (28ms)
Platform modules already initialized, skipping
Refreshing native plugins compatible for Editor in 24.27 ms, found 7 plugins.
Preloading 2 native plugins for Editor in 0.28 ms.
Unloading 4723 Unused Serialized files (Serialized files now loaded: 0)
Unloading 43 unused Assets / (53.1 KB). Loaded Objects now: 5630.
Memory consumption went from 258.3 MB to 258.3 MB.
Total: 13.388200 ms (FindLiveObjects: 4.677100 ms CreateObjectMapping: 1.344100 ms MarkObjects: 7.189800 ms  DeleteObjects: 0.174400 ms)

AssetImportParameters requested are different than current active one (requested -> active):
  custom:video-decoder-ogg-theora: a1e56fd34408186e4bbccfd4996cb3dc -> 
  custom:container-muxer-webm: aa71ff27fc2769a1b78a27578f13a17b -> 
  custom:container-demuxer-webm: 4f35f7cbe854078d1ac9338744f61a02 -> 
  custom:video-encoder-webm-vp8: eb34c28f22e8b96e1ab97ce403110664 -> 
  custom:audio-encoder-webm-vorbis: bf7c407c2cedff20999df2af8eb42d56 -> 
  custom:framework-win-MediaFoundation: 216162199b28c13a410421893ffa2e32 -> 
  custom:container-demuxer-ogg: 62fdf1f143b41e24485cea50d1cbac27 -> 
  custom:video-decoder-webm-vp8: 9c59270c3fd7afecdb556c50c9e8de78 -> 
  custom:audio-decoder-ogg-vorbis: bf7c407c2cedff20999df2af8eb42d56 -> 
